<?xml version="1.0" encoding="UTF-8"?>
<!-- Generated by org.testng.reporters.JUnitReportReporter -->
<testsuite hostname="Nagajothis-MacBook-Pro.local" failures="0" tests="2" name="testNGMethods.ParallelTestByClass1" time="15.147" errors="0" timestamp="2022-07-30T09:16:37 IST" skipped="0">
  <testcase classname="testNGMethods.ParallelTestByClass1" name="verifyLoginAndLogout" time="15.143"/>
  <system-out/>
  <testcase classname="testNGMethods.ParallelTestByClass1" name="test1" time="0.004"/>
  <system-out/>
</testsuite> <!-- testNGMethods.ParallelTestByClass1 -->
