<?xml version="1.0" encoding="UTF-8"?>
<!-- Generated by org.testng.reporters.JUnitReportReporter -->
<testsuite hostname="Nagajothis-MacBook-Pro.local" failures="0" tests="4" name="testNGMethods.CrossBrowserTest" time="138.111" errors="0" timestamp="2022-07-30T09:20:05 IST" skipped="0">
  <testcase classname="testNGMethods.CrossBrowserTest" name="verifyLoginAndLogout" time="30.637"/>
  <system-out/>
  <testcase classname="testNGMethods.CrossBrowserTest" name="verifyLoginAndLogout" time="24.268"/>
  <system-out/>
  <testcase classname="testNGMethods.CrossBrowserTest" name="registration" time="35.730"/>
  <system-out/>
  <testcase classname="testNGMethods.CrossBrowserTest" name="registration" time="47.476"/>
  <system-out/>
</testsuite> <!-- testNGMethods.CrossBrowserTest -->
