<?xml version="1.0" encoding="UTF-8"?>
<!-- Generated by org.testng.reporters.JUnitReportReporter -->
<testsuite hostname="Nagajothis-MacBook-Pro.local" failures="0" tests="3" name="testNGMethods.Grouping" time="0.008" errors="0" timestamp="2022-07-16T09:31:10 IST" skipped="0">
  <testcase classname="testNGMethods.Grouping" name="search" time="0.005"/>
  <system-out/>
  <testcase classname="testNGMethods.Grouping" name="searchFromDropdown" time="0.001"/>
  <system-out/>
  <testcase classname="testNGMethods.Grouping" name="contentUpdate" time="0.002"/>
  <system-out/>
</testsuite> <!-- testNGMethods.Grouping -->
