<?xml version="1.0" encoding="UTF-8"?>
<!-- Generated by org.testng.reporters.JUnitReportReporter -->
<testsuite hostname="Nagajothis-MacBook-Pro.local" failures="0" tests="3" name="testNGMethods.ParallelTestByClass2" time="27.356" errors="0" timestamp="2022-07-30T09:16:37 IST" skipped="0">
  <testcase classname="testNGMethods.ParallelTestByClass2" name="testyou" time="0.002"/>
  <system-out/>
  <testcase classname="testNGMethods.ParallelTestByClass2" name="testme" time="0.001"/>
  <system-out/>
  <testcase classname="testNGMethods.ParallelTestByClass2" name="registration" time="27.353"/>
  <system-out/>
</testsuite> <!-- testNGMethods.ParallelTestByClass2 -->
