<?xml version="1.0" encoding="UTF-8"?>
<!-- Generated by org.testng.reporters.JUnitReportReporter -->
<testsuite hostname="Nagajothis-MacBook-Pro.local" failures="0" tests="4" name="testNGMethods.ParameterOptionalTest" time="17.288" errors="0" timestamp="2021-08-23T19:22:09 NZST" skipped="0">
  <testcase classname="testNGMethods.ParameterOptionalTest" name="setUp" time="9.755"/>
  <system-out/>
  <testcase classname="testNGMethods.ParameterOptionalTest" name="verifyLogin" time="5.108"/>
  <system-out/>
  <testcase classname="testNGMethods.ParameterOptionalTest" name="verifyLogout" time="2.253"/>
  <system-out/>
  <testcase classname="testNGMethods.ParameterOptionalTest" name="tearDown" time="0.172"/>
  <system-out/>
</testsuite> <!-- testNGMethods.ParameterOptionalTest -->
