<?xml version="1.0" encoding="UTF-8"?>
<!-- Generated by org.testng.reporters.JUnitReportReporter -->
<testsuite hostname="Nagajothis-MacBook-Pro.local" failures="0" tests="3" name="testNGMethods.ParameterSuiteLevel" time="0.015" errors="0" timestamp="2022-07-30T08:06:58 IST" skipped="0">
  <testcase classname="testNGMethods.ParameterSuiteLevel" name="prameterTestThree" time="0.002"/>
  <system-out/>
  <testcase classname="testNGMethods.ParameterSuiteLevel" name="prameterTestTwo" time="0.001"/>
  <system-out/>
  <testcase classname="testNGMethods.ParameterSuiteLevel" name="prameterTestOne" time="0.012"/>
  <system-out/>
</testsuite> <!-- testNGMethods.ParameterSuiteLevel -->
