<?xml version="1.0" encoding="UTF-8"?>
<!-- Generated by org.testng.reporters.JUnitReportReporter -->
<testsuite hostname="Nagajothis-MacBook-Pro.local" failures="0" tests="1" name="testNGMethods.TestNGAnnotations" time="0.009" errors="0" timestamp="2022-07-16T09:26:37 IST" skipped="0">
  <testcase classname="testNGMethods.TestNGAnnotations" name="test1" time="0.009"/>
  <system-out/>
</testsuite> <!-- testNGMethods.TestNGAnnotations -->
