<?xml version="1.0" encoding="UTF-8"?>
<!-- Generated by org.testng.reporters.JUnitReportReporter -->
<testsuite hostname="Nagajothis-MacBook-Pro.local" failures="0" tests="2" name="testNGMethods.ParallelTestByMethods" time="68.828" errors="0" timestamp="2022-07-30T09:14:03 IST" skipped="0">
  <testcase classname="testNGMethods.ParallelTestByMethods" name="registration" time="39.385"/>
  <system-out/>
  <testcase classname="testNGMethods.ParallelTestByMethods" name="verifyLoginAndLogout" time="29.443"/>
  <system-out/>
</testsuite> <!-- testNGMethods.ParallelTestByMethods -->
